2026-02-25 03:52:33,028 - __main__ - INFO - ================================================================================
2026-02-25 03:52:33,028 - __main__ - INFO - Pinterest Senior Software Engineer Compensation Scraper
2026-02-25 03:52:33,028 - __main__ - INFO - Target: Toronto, Canada | Levels: IC15, IC16, IC17 | Min Comp: $400k
2026-02-25 03:52:33,028 - __main__ - INFO - ================================================================================
2026-02-25 03:52:33,028 - __main__ - INFO - Starting scrape for Pinterest in Toronto for levels ['IC15', 'IC16', 'IC17']
2026-02-25 03:52:33,028 - __main__ - INFO - Fetching URL: https://www.levels.fyi/companies/pinterest/salaries/software-engineer (Attempt 1/3)
2026-02-25 03:52:33,259 - __main__ - ERROR - Request failed: 'utf-8' codec can't decode byte 0x84 in position 1: invalid start byte
2026-02-25 03:52:33,259 - __main__ - INFO - Retrying in 1.12 seconds...
2026-02-25 03:52:34,382 - __main__ - INFO - Fetching URL: https://www.levels.fyi/companies/pinterest/salaries/software-engineer (Attempt 2/3)
2026-02-25 03:52:34,518 - __main__ - ERROR - Request failed: 'utf-8' codec can't decode byte 0x84 in position 1: invalid start byte
2026-02-25 03:52:34,518 - __main__ - INFO - Retrying in 2.79 seconds...
2026-02-25 03:52:37,307 - __main__ - INFO - Fetching URL: https://www.levels.fyi/companies/pinterest/salaries/software-engineer (Attempt 3/3)
2026-02-25 03:52:37,437 - __main__ - ERROR - Request failed: 'utf-8' codec can't decode byte 0x84 in position 1: invalid start byte
2026-02-25 03:52:37,437 - __main__ - ERROR - Max retries reached for https://www.levels.fyi/companies/pinterest/salaries/software-engineer
2026-02-25 03:52:37,438 - __main__ - ERROR - Failed to fetch company page
2026-02-25 03:52:37,438 - __main__ - WARNING - No records to export
2026-02-25 03:52:37,438 - __main__ - INFO - Created empty CSV file: pinterest_compensation_toronto.csv
2026-02-25 03:52:37,439 - __main__ - INFO - Exported 0 records to pinterest_compensation_toronto.json
2026-02-25 03:52:37,439 - __main__ - INFO - ================================================================================
2026-02-25 03:52:37,439 - __main__ - INFO - SCRAPING SUMMARY
2026-02-25 03:52:37,439 - __main__ - INFO - ================================================================================
2026-02-25 03:52:37,439 - __main__ - INFO - Total valid records found: 0
2026-02-25 03:52:37,439 - __main__ - WARNING - No records found matching criteria
2026-02-25 03:52:37,439 - __main__ - INFO - 
Possible reasons:
2026-02-25 03:52:37,439 - __main__ - INFO -   1. No IC15/IC16/IC17 positions in Toronto currently listed
2026-02-25 03:52:37,439 - __main__ - INFO -   2. levels.fyi page structure may have changed
2026-02-25 03:52:37,439 - __main__ - INFO -   3. Data may require authentication to access
2026-02-25 03:52:37,439 - __main__ - INFO - 
Recommendation: Visit https://www.levels.fyi/companies/pinterest/salaries/software-engineer
2026-02-25 03:52:37,439 - __main__ - INFO - to verify data availability and page structure
2026-02-25 03:52:37,439 - __main__ - INFO - ================================================================================
2026-02-25 03:52:37,439 - __main__ - INFO - Export complete! Check output files:
2026-02-25 03:52:37,439 - __main__ - INFO -   - pinterest_compensation_toronto.csv
2026-02-25 03:52:37,439 - __main__ - INFO -   - pinterest_compensation_toronto.json
2026-02-25 03:52:37,439 - __main__ - INFO - ================================================================================
2026-02-25 03:53:41,657 - __main__ - INFO - ================================================================================
2026-02-25 03:53:41,657 - __main__ - INFO - Pinterest Senior Software Engineer Compensation Scraper
2026-02-25 03:53:41,657 - __main__ - INFO - Target: Toronto, Canada | Levels: IC15, IC16, IC17 | Min Comp: $400k
2026-02-25 03:53:41,657 - __main__ - INFO - ================================================================================
2026-02-25 03:53:41,658 - __main__ - INFO - Starting scrape for Pinterest in Toronto for levels ['IC15', 'IC16', 'IC17']
2026-02-25 03:53:41,658 - __main__ - INFO - Fetching URL: https://www.levels.fyi/companies/pinterest/salaries/software-engineer (Attempt 1/3)
2026-02-25 03:53:42,410 - __main__ - INFO - Successfully fetched page (449173 bytes)
2026-02-25 03:53:44,696 - __main__ - INFO - Found __NEXT_DATA__ script tag
2026-02-25 03:53:44,698 - __main__ - INFO - Found salary data in pageProps.averages
2026-02-25 03:53:44,698 - __main__ - INFO - Processing 5 salary records from JSON
2026-02-25 03:53:44,698 - __main__ - INFO - Successfully parsed 5 records from JSON
2026-02-25 03:53:44,698 - __main__ - INFO - Found 0 valid records out of 5 total
2026-02-25 03:53:44,698 - __main__ - WARNING - No records to export
2026-02-25 03:53:44,698 - __main__ - INFO - Created empty CSV file: pinterest_compensation_toronto.csv
2026-02-25 03:53:44,699 - __main__ - INFO - Exported 0 records to pinterest_compensation_toronto.json
2026-02-25 03:53:44,699 - __main__ - INFO - ================================================================================
2026-02-25 03:53:44,699 - __main__ - INFO - SCRAPING SUMMARY
2026-02-25 03:53:44,699 - __main__ - INFO - ================================================================================
2026-02-25 03:53:44,699 - __main__ - INFO - Total valid records found: 0
2026-02-25 03:53:44,699 - __main__ - WARNING - No records found matching criteria
2026-02-25 03:53:44,699 - __main__ - INFO - 
Possible reasons:
2026-02-25 03:53:44,699 - __main__ - INFO -   1. No IC15/IC16/IC17 positions in Toronto currently listed
2026-02-25 03:53:44,699 - __main__ - INFO -   2. levels.fyi page structure may have changed
2026-02-25 03:53:44,699 - __main__ - INFO -   3. Data may require authentication to access
2026-02-25 03:53:44,699 - __main__ - INFO - 
Recommendation: Visit https://www.levels.fyi/companies/pinterest/salaries/software-engineer
2026-02-25 03:53:44,699 - __main__ - INFO - to verify data availability and page structure
2026-02-25 03:53:44,699 - __main__ - INFO - ================================================================================
2026-02-25 03:53:44,699 - __main__ - INFO - Export complete! Check output files:
2026-02-25 03:53:44,699 - __main__ - INFO -   - pinterest_compensation_toronto.csv
2026-02-25 03:53:44,699 - __main__ - INFO -   - pinterest_compensation_toronto.json
2026-02-25 03:53:44,699 - __main__ - INFO - ================================================================================
